#! /c/Source/iverilog-install/bin/vvp
:ivl_version "12.0 (devel)" "(s20150603-1539-g2693dd32b)";
:ivl_delay_selection "TYPICAL";
:vpi_time_precision + 0;
:vpi_module "E:\tool_IC_design\iverilog\lib\ivl\system.vpi";
:vpi_module "E:\tool_IC_design\iverilog\lib\ivl\vhdl_sys.vpi";
:vpi_module "E:\tool_IC_design\iverilog\lib\ivl\vhdl_textio.vpi";
:vpi_module "E:\tool_IC_design\iverilog\lib\ivl\v2005_math.vpi";
:vpi_module "E:\tool_IC_design\iverilog\lib\ivl\va_math.vpi";
S_00000272cc542df0 .scope module, "mux" "mux" 2 1;
 .timescale 0 0;
    .port_info 0 /INPUT 4 "a";
    .port_info 1 /INPUT 4 "b";
    .port_info 2 /INPUT 4 "c";
    .port_info 3 /INPUT 4 "d";
    .port_info 4 /INPUT 2 "sel";
    .port_info 5 /OUTPUT 4 "y";
o00000272cc576fd8 .functor BUFZ 4, C4<zzzz>; HiZ drive
v00000272cc543490_0 .net "a", 3 0, o00000272cc576fd8;  0 drivers
o00000272cc577008 .functor BUFZ 4, C4<zzzz>; HiZ drive
v00000272cc6bee20_0 .net "b", 3 0, o00000272cc577008;  0 drivers
o00000272cc577038 .functor BUFZ 4, C4<zzzz>; HiZ drive
v00000272cc6beec0_0 .net "c", 3 0, o00000272cc577038;  0 drivers
o00000272cc577068 .functor BUFZ 4, C4<zzzz>; HiZ drive
v00000272cc542f80_0 .net "d", 3 0, o00000272cc577068;  0 drivers
o00000272cc577098 .functor BUFZ 2, C4<zz>; HiZ drive
v00000272cc543020_0 .net "sel", 1 0, o00000272cc577098;  0 drivers
v00000272cc5430c0_0 .var "y", 3 0;
E_00000272cc6bc910/0 .event anyedge, v00000272cc543020_0, v00000272cc543490_0, v00000272cc6bee20_0, v00000272cc6beec0_0;
E_00000272cc6bc910/1 .event anyedge, v00000272cc542f80_0;
E_00000272cc6bc910 .event/or E_00000272cc6bc910/0, E_00000272cc6bc910/1;
    .scope S_00000272cc542df0;
T_0 ;
    %wait E_00000272cc6bc910;
    %load/vec4 v00000272cc543020_0;
    %dup/vec4;
    %pushi/vec4 0, 0, 2;
    %cmp/u;
    %jmp/1 T_0.0, 6;
    %dup/vec4;
    %pushi/vec4 1, 0, 2;
    %cmp/u;
    %jmp/1 T_0.1, 6;
    %dup/vec4;
    %pushi/vec4 2, 0, 2;
    %cmp/u;
    %jmp/1 T_0.2, 6;
    %dup/vec4;
    %pushi/vec4 3, 0, 2;
    %cmp/u;
    %jmp/1 T_0.3, 6;
    %pushi/vec4 0, 0, 4;
    %store/vec4 v00000272cc5430c0_0, 0, 4;
    %jmp T_0.5;
T_0.0 ;
    %load/vec4 v00000272cc543490_0;
    %store/vec4 v00000272cc5430c0_0, 0, 4;
    %jmp T_0.5;
T_0.1 ;
    %load/vec4 v00000272cc6bee20_0;
    %store/vec4 v00000272cc5430c0_0, 0, 4;
    %jmp T_0.5;
T_0.2 ;
    %load/vec4 v00000272cc6beec0_0;
    %store/vec4 v00000272cc5430c0_0, 0, 4;
    %jmp T_0.5;
T_0.3 ;
    %load/vec4 v00000272cc542f80_0;
    %store/vec4 v00000272cc5430c0_0, 0, 4;
    %jmp T_0.5;
T_0.5 ;
    %pop/vec4 1;
    %jmp T_0;
    .thread T_0, $push;
# The file index is used to find the file name in the following table.
:file_names 3;
    "N/A";
    "<interactive>";
    "e:\book_chip\course_ud\Practice_UVM_code\4_UVM_MUX\Verify_MUX_cov\mux.v";
